#
# There is insufficient memory for the Java Runtime Environment to continue.
# Native memory allocation (malloc) failed to allocate 1048576 bytes for AllocateHeap
# Possible reasons:
#   The system is out of physical RAM or swap space
#   The process is running with CompressedOops enabled, and the Java Heap may be blocking the growth of the native heap
# Possible solutions:
#   Reduce memory load on the system
#   Increase physical memory or swap space
#   Check if swap backing store is full
#   Decrease Java heap size (-Xmx/-Xms)
#   Decrease number of Java threads
#   Decrease Java thread stack sizes (-Xss)
#   Set larger code cache with -XX:ReservedCodeCacheSize=
#   JVM is running with Unscaled Compressed Oops mode in which the Java heap is
#     placed in the first 4GB address space. The Java Heap base address is the
#     maximum limit for the native heap growth. Please use -XX:HeapBaseMinAddress
#     to set the Java Heap base and to place the Java Heap above 4GB virtual address.
# This output file may be truncated or incomplete.
#
#  Out of Memory Error (allocation.cpp:44), pid=11452, tid=7264
#
# JRE version:  (17.0.2+8) (build )
# Java VM: OpenJDK 64-Bit Server VM (17.0.2+8-86, mixed mode, sharing, tiered, compressed oops, compressed class ptrs, g1 gc, windows-amd64)
# No core dump will be written. Minidumps are not enabled by default on client versions of Windows
#

---------------  S U M M A R Y ------------

Command Line: -agentlib:jdwp=transport=dt_socket,address=127.0.0.1:52446,suspend=y,server=n -javaagent:C:\Users\aryadaffa22\AppData\Local\JetBrains\IdeaIC2021.3\captureAgent\debugger-agent.jar -Dfile.encoding=UTF-8 com.Tugas2Easy.Keg2A

Host: Intel(R) Core(TM) i5-10500H CPU @ 2.50GHz, 12 cores, 7G,  Windows 10 , 64 bit Build 19041 (10.0.19041.1566)
Time: Tue Apr 12 16:43:07 2022 SE Asia Standard Time elapsed time: 2.111721 seconds (0d 0h 0m 2s)

---------------  T H R E A D  ---------------

Current thread (0x00000160a8949900):  JavaThread "Unknown thread" [_thread_in_vm, id=7264, stack(0x0000001b60a00000,0x0000001b60b00000)]

Stack: [0x0000001b60a00000,0x0000001b60b00000]
Native frames: (J=compiled Java code, j=interpreted, Vv=VM code, C=native code)
V  [jvm.dll+0x670baa]
V  [jvm.dll+0x7cfcb4]
V  [jvm.dll+0x7d145e]
V  [jvm.dll+0x7d1ac3]
V  [jvm.dll+0x242bc5]
V  [jvm.dll+0xa4b93]
V  [jvm.dll+0x2d3c54]
V  [jvm.dll+0x7a188c]
V  [jvm.dll+0x365a91]
V  [jvm.dll+0x780d2c]
V  [jvm.dll+0x3e845f]
V  [jvm.dll+0x3e9f01]
C  [jli.dll+0x527b]
C  [ucrtbase.dll+0x21bb2]
C  [KERNEL32.DLL+0x17034]
C  [ntdll.dll+0x52651]


---------------  P R O C E S S  ---------------

Threads class SMR info:
_java_thread_list=0x00007fffba069858, length=0, elements={
}

Java Threads: ( => current thread )

Other Threads:

=>0x00000160a8949900 (exited) JavaThread "Unknown thread" [_thread_in_vm, id=7264, stack(0x0000001b60a00000,0x0000001b60b00000)]

Threads with active compile tasks:

VM state: not at safepoint (not fully initialized)

VM Mutex/Monitor currently owned by a thread: None

Heap address: 0x0000000000000000, size: 0 MB, Compressed Oops mode: 32-bit

CDS archive(s) mapped at: [0x0000000000000000-0x0000000000000000-0x0000000000000000), size 0, SharedBaseAddress: 0x0000000800000000, ArchiveRelocationMode: 0.
Narrow klass base: 0x0000000000000000, Narrow klass shift: 0, Narrow klass range: 0x0

GC Precious Log:
<Empty>

GC Heap History (0 events):
No events

Deoptimization events (0 events):
No events

Classes unloaded (0 events):
No events

Classes redefined (0 events):
No events

Internal exceptions (0 events):
No events

VM Operations (0 events):
No events

Events (2 events):
Event: 1.086 Loaded shared library C:\Users\aryadaffa22\.jdks\openjdk-17.0.2\bin\java.dll
Event: 1.091 Loaded shared library C:\Users\aryadaffa22\.jdks\openjdk-17.0.2\bin\zip.dll


Dynamic libraries:
0x00007ff6ba160000 - 0x00007ff6ba16e000 	C:\Users\aryadaffa22\.jdks\openjdk-17.0.2\bin\java.exe
0x00007ffffdad0000 - 0x00007ffffdcc5000 	C:\Windows\SYSTEM32\ntdll.dll
0x00007ffffc0b0000 - 0x00007ffffc16e000 	C:\Windows\System32\KERNEL32.DLL
0x00007ffffb580000 - 0x00007ffffb848000 	C:\Windows\System32\KERNELBASE.dll
0x00007ffffb220000 - 0x00007ffffb320000 	C:\Windows\System32\ucrtbase.dll
0x00007ffff2260000 - 0x00007ffff2278000 	C:\Users\aryadaffa22\.jdks\openjdk-17.0.2\bin\jli.dll
0x00007ffff2240000 - 0x00007ffff225a000 	C:\Users\aryadaffa22\.jdks\openjdk-17.0.2\bin\VCRUNTIME140.dll
0x00007ffffd230000 - 0x00007ffffd3d0000 	C:\Windows\System32\USER32.dll
0x00007fffe7440000 - 0x00007fffe76da000 	C:\Windows\WinSxS\amd64_microsoft.windows.common-controls_6595b64144ccf1df_6.0.19041.1110_none_60b5254171f9507e\COMCTL32.dll
0x00007ffffb960000 - 0x00007ffffb982000 	C:\Windows\System32\win32u.dll
0x00007ffffd910000 - 0x00007ffffd9ae000 	C:\Windows\System32\msvcrt.dll
0x00007ffffc850000 - 0x00007ffffc87b000 	C:\Windows\System32\GDI32.dll
0x00007ffffb850000 - 0x00007ffffb95b000 	C:\Windows\System32\gdi32full.dll
0x00007ffffba90000 - 0x00007ffffbb2d000 	C:\Windows\System32\msvcp_win.dll
0x00007ffffd8e0000 - 0x00007ffffd910000 	C:\Windows\System32\IMM32.DLL
0x00007ffff36b0000 - 0x00007ffff36bc000 	C:\Users\aryadaffa22\.jdks\openjdk-17.0.2\bin\vcruntime140_1.dll
0x00007fffdc440000 - 0x00007fffdc4cd000 	C:\Users\aryadaffa22\.jdks\openjdk-17.0.2\bin\msvcp140.dll
0x00007fffb95d0000 - 0x00007fffba191000 	C:\Users\aryadaffa22\.jdks\openjdk-17.0.2\bin\server\jvm.dll
0x00007ffffbb30000 - 0x00007ffffbbde000 	C:\Windows\System32\ADVAPI32.dll
0x00007ffffc790000 - 0x00007ffffc82c000 	C:\Windows\System32\sechost.dll
0x00007ffffbbe0000 - 0x00007ffffbd05000 	C:\Windows\System32\RPCRT4.dll
0x00007ffffbde0000 - 0x00007ffffbde8000 	C:\Windows\System32\PSAPI.DLL
0x00007ffff7330000 - 0x00007ffff7339000 	C:\Windows\SYSTEM32\WSOCK32.dll
0x00007ffff3c50000 - 0x00007ffff3c77000 	C:\Windows\SYSTEM32\WINMM.dll
0x00007ffff5820000 - 0x00007ffff582a000 	C:\Windows\SYSTEM32\VERSION.dll
0x00007ffffc170000 - 0x00007ffffc1db000 	C:\Windows\System32\WS2_32.dll
0x00007ffff9100000 - 0x00007ffff9112000 	C:\Windows\SYSTEM32\kernel.appcore.dll
0x00007ffff2230000 - 0x00007ffff223a000 	C:\Users\aryadaffa22\.jdks\openjdk-17.0.2\bin\jimage.dll
0x00007fffe5490000 - 0x00007fffe5674000 	C:\Windows\SYSTEM32\DBGHELP.DLL
0x00007fffe1a60000 - 0x00007fffe1a8c000 	C:\Windows\SYSTEM32\dbgcore.DLL
0x00007ffffb4f0000 - 0x00007ffffb572000 	C:\Windows\System32\bcryptPrimitives.dll
0x00007fffe1900000 - 0x00007fffe193b000 	C:\Users\aryadaffa22\.jdks\openjdk-17.0.2\bin\jdwp.dll
0x00007ffff03b0000 - 0x00007ffff03be000 	C:\Users\aryadaffa22\.jdks\openjdk-17.0.2\bin\instrument.dll
0x00007ffff20e0000 - 0x00007ffff2105000 	C:\Users\aryadaffa22\.jdks\openjdk-17.0.2\bin\java.dll
0x00007ffff1ae0000 - 0x00007ffff1af8000 	C:\Users\aryadaffa22\.jdks\openjdk-17.0.2\bin\zip.dll

dbghelp: loaded successfully - version: 4.0.5 - missing functions: none
symbol engine: initialized successfully - sym options: 0x614 - pdb path: .;C:\Users\aryadaffa22\.jdks\openjdk-17.0.2\bin;C:\Windows\SYSTEM32;C:\Windows\WinSxS\amd64_microsoft.windows.common-controls_6595b64144ccf1df_6.0.19041.1110_none_60b5254171f9507e;C:\Users\aryadaffa22\.jdks\openjdk-17.0.2\bin\server

VM Arguments:
jvm_args: -agentlib:jdwp=transport=dt_socket,address=127.0.0.1:52446,suspend=y,server=n -javaagent:C:\Users\aryadaffa22\AppData\Local\JetBrains\IdeaIC2021.3\captureAgent\debugger-agent.jar -Dfile.encoding=UTF-8 
java_command: com.Tugas2Easy.Keg2A
java_class_path (initial): D:\SCHOOL\SEMESTER 2\Pemograman Berbasih Obyek\Modul 2\Demo Keg2\Keg2A\out\production\Keg2;C:\Program Files\JetBrains\IntelliJ IDEA Community Edition 2021.3.3\lib\idea_rt.jar
Launcher Type: SUN_STANDARD

[Global flags]
     intx CICompilerCount                          = 4                                         {product} {ergonomic}
     uint ConcGCThreads                            = 3                                         {product} {ergonomic}
     uint G1ConcRefinementThreads                  = 10                                        {product} {ergonomic}
   size_t G1HeapRegionSize                         = 1048576                                   {product} {ergonomic}
    uintx GCDrainStackTargetSize                   = 64                                        {product} {ergonomic}
   size_t InitialHeapSize                          = 132120576                                 {product} {ergonomic}
   size_t MarkStackSize                            = 4194304                                   {product} {ergonomic}
   size_t MaxHeapSize                              = 2101346304                                {product} {ergonomic}
   size_t MinHeapDeltaBytes                        = 1048576                                   {product} {ergonomic}
   size_t MinHeapSize                              = 8388608                                   {product} {ergonomic}
    uintx NonNMethodCodeHeapSize                   = 5839372                                {pd product} {ergonomic}
    uintx NonProfiledCodeHeapSize                  = 122909434                              {pd product} {ergonomic}
    uintx ProfiledCodeHeapSize                     = 122909434                              {pd product} {ergonomic}
    uintx ReservedCodeCacheSize                    = 251658240                              {pd product} {ergonomic}
     bool SegmentedCodeCache                       = true                                      {product} {ergonomic}
   size_t SoftMaxHeapSize                          = 2101346304                             {manageable} {ergonomic}
     bool UseCompressedClassPointers               = true                           {product lp64_product} {ergonomic}
     bool UseCompressedOops                        = true                           {product lp64_product} {ergonomic}
     bool UseG1GC                                  = true                                      {product} {ergonomic}
     bool UseLargePagesIndividualAllocation        = false                                  {pd product} {ergonomic}

Logging:
Log output configuration:
 #0: stdout all=warning uptime,level,tags
 #1: stderr all=off uptime,level,tags

Environment Variables:
PATH=C:\Program Files\Common Files\Oracle\Java\javapath;D:\APPS\FalconC++\Falcon\MinGW\bin;C:\Windows\system32;C:\Windows;C:\Windows\System32\Wbem;C:\Windows\System32\WindowsPowerShell\v1.0\;C:\Windows\System32\OpenSSH\;C:\Program Files (x86)\NVIDIA Corporation\PhysX\Common;C:\Program Files\NVIDIA Corporation\NVIDIA NvDLISR;D:\APPS\xampp\php;C:\ProgramData\ComposerSetup\bin;C:\Program Files\Java\jdk-17.0.2\bin;C:\Users\aryadaffa22\AppData\Local\Microsoft\WindowsApps;;D:\APPS\VsCode\Microsoft VS Code\bin;C:\Users\aryadaffa22\AppData\Roaming\Composer\vendor\bin;C:\Program Files\JetBrains\IntelliJ IDEA Community Edition 2021.3.3\bin;
USERNAME=aryadaffa22
OS=Windows_NT
PROCESSOR_IDENTIFIER=Intel64 Family 6 Model 165 Stepping 2, GenuineIntel



---------------  S Y S T E M  ---------------

OS:
 Windows 10 , 64 bit Build 19041 (10.0.19041.1566)
OS uptime: 1 days 20:02 hours

CPU: total 12 (initial active 12) (6 cores per cpu, 2 threads per core) family 6 model 165 stepping 2 microcode 0xe2, cx8, cmov, fxsr, ht, mmx, 3dnowpref, sse, sse2, sse3, ssse3, sse4.1, sse4.2, popcnt, lzcnt, tsc, tscinvbit, avx, avx2, aes, erms, clmul, bmi1, bmi2, adx, fma, vzeroupper, clflush, clflushopt

Memory: 4k page, system-wide physical 8013M (554M free)
TotalPageFile size 20301M (AvailPageFile size 6M)
current process WorkingSet (physical memory assigned to process): 9M, peak: 9M
current process commit charge ("private bytes"): 14M, peak: 16M

vm_info: OpenJDK 64-Bit Server VM (17.0.2+8-86) for windows-amd64 JRE (17.0.2+8-86), built on Dec  7 2021 21:49:10 by "mach5one" with MS VC++ 16.8 / 16.9 (VS2019)

END.
